beagle.28Sep18.793.jar (version 5.0)
Copyright (C) 2014-2018 Brian L. Browning
Enter "java -jar beagle.28Sep18.793.jar" to list command line argument
Start time: 06:08 PM MST on 31 Jan 2019

Command line: java -Xmx14290m -jar beagle.28Sep18.793.jar
  gt=test.28Sep18.793.vcf.gz
  out=out.gt

No genetic map is specified: using 1 cM = 1 Mb

Reference samples:           0
Study samples:             191

Window 1 (22:20000086-20099941)
Study markers:           1,356

Burnin  iteration 1:           0 seconds
Burnin  iteration 2:           0 seconds
Burnin  iteration 3:           0 seconds
Burnin  iteration 4:           0 seconds
Burnin  iteration 5:           0 seconds
Burnin  iteration 6:           0 seconds

Phasing iteration 1:           0 seconds
Phasing iteration 2:           0 seconds
Phasing iteration 3:           0 seconds
Phasing iteration 4:           0 seconds
Phasing iteration 5:           0 seconds
Phasing iteration 6:           0 seconds
Phasing iteration 7:           0 seconds
Phasing iteration 8:           0 seconds
Phasing iteration 9:           0 seconds
Phasing iteration 10:          0 seconds
Phasing iteration 11:          0 seconds
Phasing iteration 12:          0 seconds

Cumulative Statistics:

Study markers:           1,356

Haplotype phasing time:        1 second
Total time:                    3 seconds

End time: 06:08 PM MST on 31 Jan 2019
beagle.28Sep18.793.jar finished
